<?xml version="1.0" encoding="UTF-8"?>
<testng-results skipped="0" failed="1" ignored="0" total="1" passed="0">
  <reporter-output>
    <line>
      <![CDATA[Photo is taken: ./screenshot/31_10_17.png]]>
    </line>
  </reporter-output>
  <suite name="Default suite" duration-ms="84457" started-at="2017-10-31T01:35:05Z" finished-at="2017-10-31T01:36:29Z">
    <groups>
    </groups>
    <test name="Default test" duration-ms="84457" started-at="2017-10-31T01:35:05Z" finished-at="2017-10-31T01:36:29Z">
      <class name="com.tys.tests.UpdateAddressTest">
        <test-method status="PASS" signature="setPath()[pri:0, instance:com.tys.tests.UpdateAddressTest@79be0360]" name="setPath" is-config="true" duration-ms="20" started-at="2017-10-31T07:05:05Z" finished-at="2017-10-31T07:05:05Z">
          <reporter-output>
          </reporter-output>
        </test-method> <!-- setPath -->
        <test-method status="PASS" signature="openApp()[pri:0, instance:com.tys.tests.UpdateAddressTest@79be0360]" name="openApp" is-config="true" duration-ms="40127" started-at="2017-10-31T07:05:05Z" finished-at="2017-10-31T07:05:45Z">
          <reporter-output>
          </reporter-output>
        </test-method> <!-- openApp -->
        <test-method status="FAIL" signature="addressUpdateTest()[pri:0, instance:com.tys.tests.UpdateAddressTest@79be0360]" name="addressUpdateTest" duration-ms="42435" started-at="2017-10-31T07:05:45Z" finished-at="2017-10-31T07:06:28Z">
          <exception class="org.openqa.selenium.NoSuchElementException">
            <message>
              <![CDATA[Unable to locate element: .//input[@id='fullname']
For documentation on this error, please visit: http://seleniumhq.org/exceptions/no_such_element.html
Build info: version: '3.5.3', revision: 'a88d25fe6b', time: '2017-08-29T12:54:15.039Z'
System info: host: 'SSVGC', ip: '192.168.233.1', os.name: 'Windows 8.1', os.arch: 'amd64', os.version: '6.3', java.version: '1.8.0_45'
Driver info: org.openqa.selenium.firefox.FirefoxDriver
Capabilities [{moz:profile=C:\Users\user\AppData\Local\Temp\rust_mozprofile.1eym3lzZJqjY, rotatable=false, timeouts={implicit=0, pageLoad=300000, script=30000}, pageLoadStrategy=normal, platform=XP, specificationLevel=0, moz:accessibilityChecks=false, acceptInsecureCerts=false, browserVersion=54.0, platformVersion=6.3, moz:processID=640, browserName=firefox, javascriptEnabled=true, platformName=XP}]
Session ID: 8bb1c404-6cac-43cc-8788-4f494531309b
*** Element info: {Using=xpath, value=.//input[@id='fullname']}]]>
            </message>
            <full-stacktrace>
              <![CDATA[org.openqa.selenium.NoSuchElementException: Unable to locate element: .//input[@id='fullname']
For documentation on this error, please visit: http://seleniumhq.org/exceptions/no_such_element.html
Build info: version: '3.5.3', revision: 'a88d25fe6b', time: '2017-08-29T12:54:15.039Z'
System info: host: 'SSVGC', ip: '192.168.233.1', os.name: 'Windows 8.1', os.arch: 'amd64', os.version: '6.3', java.version: '1.8.0_45'
Driver info: org.openqa.selenium.firefox.FirefoxDriver
Capabilities [{moz:profile=C:\Users\user\AppData\Local\Temp\rust_mozprofile.1eym3lzZJqjY, rotatable=false, timeouts={implicit=0, pageLoad=300000, script=30000}, pageLoadStrategy=normal, platform=XP, specificationLevel=0, moz:accessibilityChecks=false, acceptInsecureCerts=false, browserVersion=54.0, platformVersion=6.3, moz:processID=640, browserName=firefox, javascriptEnabled=true, platformName=XP}]
Session ID: 8bb1c404-6cac-43cc-8788-4f494531309b
*** Element info: {Using=xpath, value=.//input[@id='fullname']}
	at sun.reflect.NativeConstructorAccessorImpl.newInstance0(Native Method)
	at sun.reflect.NativeConstructorAccessorImpl.newInstance(Unknown Source)
	at sun.reflect.DelegatingConstructorAccessorImpl.newInstance(Unknown Source)
	at java.lang.reflect.Constructor.newInstance(Unknown Source)
	at org.openqa.selenium.remote.http.W3CHttpResponseCodec.createException(W3CHttpResponseCodec.java:185)
	at org.openqa.selenium.remote.http.W3CHttpResponseCodec.decode(W3CHttpResponseCodec.java:120)
	at org.openqa.selenium.remote.http.W3CHttpResponseCodec.decode(W3CHttpResponseCodec.java:49)
	at org.openqa.selenium.remote.HttpCommandExecutor.execute(HttpCommandExecutor.java:164)
	at org.openqa.selenium.remote.service.DriverCommandExecutor.execute(DriverCommandExecutor.java:82)
	at org.openqa.selenium.remote.RemoteWebDriver.execute(RemoteWebDriver.java:646)
	at org.openqa.selenium.remote.RemoteWebDriver.findElement(RemoteWebDriver.java:416)
	at org.openqa.selenium.remote.RemoteWebDriver.findElementByXPath(RemoteWebDriver.java:518)
	at org.openqa.selenium.By$ByXPath.findElement(By.java:361)
	at org.openqa.selenium.remote.RemoteWebDriver.findElement(RemoteWebDriver.java:408)
	at org.openqa.selenium.support.pagefactory.DefaultElementLocator.findElement(DefaultElementLocator.java:69)
	at org.openqa.selenium.support.pagefactory.internal.LocatingElementHandler.invoke(LocatingElementHandler.java:38)
	at com.sun.proxy.$Proxy11.clear(Unknown Source)
	at com.tys.pages.AddressDetailsPage.enterRecipientName(AddressDetailsPage.java:60)
	at com.tys.tests.UpdateAddressTest.addressUpdateTest(UpdateAddressTest.java:42)
	at sun.reflect.NativeMethodAccessorImpl.invoke0(Native Method)
	at sun.reflect.NativeMethodAccessorImpl.invoke(Unknown Source)
	at sun.reflect.DelegatingMethodAccessorImpl.invoke(Unknown Source)
	at java.lang.reflect.Method.invoke(Unknown Source)
	at org.testng.internal.MethodInvocationHelper.invokeMethod(MethodInvocationHelper.java:108)
	at org.testng.internal.Invoker.invokeMethod(Invoker.java:661)
	at org.testng.internal.Invoker.invokeTestMethod(Invoker.java:869)
	at org.testng.internal.Invoker.invokeTestMethods(Invoker.java:1193)
	at org.testng.internal.TestMethodWorker.invokeTestMethods(TestMethodWorker.java:126)
	at org.testng.internal.TestMethodWorker.run(TestMethodWorker.java:109)
	at org.testng.TestRunner.privateRun(TestRunner.java:744)
	at org.testng.TestRunner.run(TestRunner.java:602)
	at org.testng.SuiteRunner.runTest(SuiteRunner.java:380)
	at org.testng.SuiteRunner.runSequentially(SuiteRunner.java:375)
	at org.testng.SuiteRunner.privateRun(SuiteRunner.java:340)
	at org.testng.SuiteRunner.run(SuiteRunner.java:289)
	at org.testng.SuiteRunnerWorker.runSuite(SuiteRunnerWorker.java:52)
	at org.testng.SuiteRunnerWorker.run(SuiteRunnerWorker.java:86)
	at org.testng.TestNG.runSuitesSequentially(TestNG.java:1301)
	at org.testng.TestNG.runSuitesLocally(TestNG.java:1226)
	at org.testng.TestNG.runSuites(TestNG.java:1144)
	at org.testng.TestNG.run(TestNG.java:1115)
	at org.testng.remote.AbstractRemoteTestNG.run(AbstractRemoteTestNG.java:132)
	at org.testng.remote.RemoteTestNG.initAndRun(RemoteTestNG.java:230)
	at org.testng.remote.RemoteTestNG.main(RemoteTestNG.java:76)
]]>
            </full-stacktrace>
          </exception> <!-- org.openqa.selenium.NoSuchElementException -->
          <reporter-output>
            <line>
              <![CDATA[Photo is taken: ./screenshot/31_10_17.png]]>
            </line>
          </reporter-output>
        </test-method> <!-- addressUpdateTest -->
        <test-method status="PASS" signature="closeApp()[pri:0, instance:com.tys.tests.UpdateAddressTest@79be0360]" name="closeApp" is-config="true" duration-ms="1600" started-at="2017-10-31T07:06:28Z" finished-at="2017-10-31T07:06:29Z">
          <reporter-output>
          </reporter-output>
        </test-method> <!-- closeApp -->
      </class> <!-- com.tys.tests.UpdateAddressTest -->
    </test> <!-- Default test -->
  </suite> <!-- Default suite -->
</testng-results>
