<?xml version="1.0" encoding="UTF-8"?>
<!-- Generated by org.testng.reporters.JUnitXMLReporter -->
<testsuite ignored="0" name="Test" tests="1" failures="1" timestamp="15 Sep 2017 13:05:12 GMT" time="5.879" errors="0">
  <testcase name="testValidLoginLogout" time="0.13" classname="com.tys.tests.HomeTest">
    <failure type="java.lang.NullPointerException">
      <![CDATA[java.lang.NullPointerException
	at org.openqa.selenium.support.pagefactory.internal.LocatingElementHandler.invoke(LocatingElementHandler.java:51)
	at com.sun.proxy.$Proxy10.click(Unknown Source)
	at com.tys.pages.HomePage.ClickLogin(HomePage.java:28)
	at com.tys.tests.HomeTest.testValidLoginLogout(HomeTest.java:15)
... Removed 29 stack frames]]>
    </failure>
  </testcase> <!-- testValidLoginLogout -->
</testsuite> <!-- Test -->
